[debug] [2022-05-25T15:58:25.485Z] ----------------------------------------------------------------------
[debug] [2022-05-25T15:58:25.487Z] Command:       C:\Program Files\nodejs\node.exe C:\Users\MS\AppData\Roaming\npm\node_modules\firebase-tools\lib\bin\firebase.js deploy
[debug] [2022-05-25T15:58:25.487Z] CLI Version:   10.8.0
[debug] [2022-05-25T15:58:25.488Z] Platform:      win32
[debug] [2022-05-25T15:58:25.488Z] Node Version:  v16.13.2
[debug] [2022-05-25T15:58:25.492Z] Time:          Wed May 25 2022 17:58:25 GMT+0200 (srednjoeuropsko ljetno vrijeme)
[debug] [2022-05-25T15:58:25.493Z] ----------------------------------------------------------------------
[debug] 
[debug] [2022-05-25T15:58:25.496Z] >>> [apiv2][query] GET https://firebase-public.firebaseio.com/cli.json [none]
[debug] [2022-05-25T15:58:25.584Z] > command requires scopes: ["email","openid","https://www.googleapis.com/auth/cloudplatformprojects.readonly","https://www.googleapis.com/auth/firebase","https://www.googleapis.com/auth/cloud-platform"]
[debug] [2022-05-25T15:58:25.584Z] > authorizing via signed-in user (biljeg82@gmail.com)
[debug] [2022-05-25T15:58:25.584Z] [iam] checking project devjobs-3ea13 for permissions ["cloudfunctions.functions.create","cloudfunctions.functions.delete","cloudfunctions.functions.get","cloudfunctions.functions.list","cloudfunctions.functions.update","cloudfunctions.operations.get","firebase.projects.get"]
[debug] [2022-05-25T15:58:25.585Z] > refreshing access token with scopes: []
[debug] [2022-05-25T15:58:25.586Z] >>> HTTP REQUEST POST https://www.googleapis.com/oauth2/v3/token  
 <request body omitted>
[debug] [2022-05-25T15:58:25.799Z] <<< HTTP RESPONSE 200 {"pragma":"no-cache","date":"Wed, 25 May 2022 15:58:25 GMT","cache-control":"no-cache, no-store, max-age=0, must-revalidate","expires":"Mon, 01 Jan 1990 00:00:00 GMT","content-type":"application/json; charset=utf-8","vary":"X-Origin, Referer, Origin,Accept-Encoding","server":"scaffolding on HTTPServer2","x-xss-protection":"0","x-frame-options":"SAMEORIGIN","x-content-type-options":"nosniff","alt-svc":"h3=\":443\"; ma=2592000,h3-29=\":443\"; ma=2592000,h3-Q050=\":443\"; ma=2592000,h3-Q046=\":443\"; ma=2592000,h3-Q043=\":443\"; ma=2592000,quic=\":443\"; ma=2592000; v=\"46,43\"","accept-ranges":"none","transfer-encoding":"chunked"}
[debug] [2022-05-25T15:58:25.807Z] >>> [apiv2][query] POST https://cloudresourcemanager.googleapis.com/v1/projects/devjobs-3ea13:testIamPermissions [none]
[debug] [2022-05-25T15:58:25.807Z] >>> [apiv2][body] POST https://cloudresourcemanager.googleapis.com/v1/projects/devjobs-3ea13:testIamPermissions {"permissions":["cloudfunctions.functions.create","cloudfunctions.functions.delete","cloudfunctions.functions.get","cloudfunctions.functions.list","cloudfunctions.functions.update","cloudfunctions.operations.get","firebase.projects.get"]}
[debug] [2022-05-25T15:58:26.088Z] <<< [apiv2][status] GET https://firebase-public.firebaseio.com/cli.json 200
[debug] [2022-05-25T15:58:26.088Z] <<< [apiv2][body] GET https://firebase-public.firebaseio.com/cli.json {"cloudBuildErrorAfter":1594252800000,"cloudBuildWarnAfter":1590019200000,"defaultNode10After":1594252800000,"minVersion":"3.0.5","node8DeploysDisabledAfter":1613390400000,"node8RuntimeDisabledAfter":1615809600000,"node8WarnAfter":1600128000000}
[debug] [2022-05-25T15:58:26.608Z] <<< [apiv2][status] POST https://cloudresourcemanager.googleapis.com/v1/projects/devjobs-3ea13:testIamPermissions 200
[debug] [2022-05-25T15:58:26.608Z] <<< [apiv2][body] POST https://cloudresourcemanager.googleapis.com/v1/projects/devjobs-3ea13:testIamPermissions {"permissions":["cloudfunctions.functions.create","cloudfunctions.functions.delete","cloudfunctions.functions.get","cloudfunctions.functions.list","cloudfunctions.functions.update","cloudfunctions.operations.get","firebase.projects.get"]}
[debug] [2022-05-25T15:58:26.609Z] >>> [apiv2][query] POST https://iam.googleapis.com/v1/projects/devjobs-3ea13/serviceAccounts/devjobs-3ea13@appspot.gserviceaccount.com:testIamPermissions [none]
[debug] [2022-05-25T15:58:26.609Z] >>> [apiv2][body] POST https://iam.googleapis.com/v1/projects/devjobs-3ea13/serviceAccounts/devjobs-3ea13@appspot.gserviceaccount.com:testIamPermissions {"permissions":["iam.serviceAccounts.actAs"]}
